[01m[K/home/nils/Desktop/oblig3_ws/src/ros2-examples-ads/ads_example_package/src/ads_node.cpp:[m[K In member function â€˜[01m[Kvoid craneads::AdsHandler::setAuto()[m[Kâ€™:
[01m[K/home/nils/Desktop/oblig3_ws/src/ros2-examples-ads/ads_example_package/src/ads_node.cpp:96:13:[m[K [01;31m[Kerror: [m[Kâ€˜[01m[Kads_manualmode[m[Kâ€™ was not declared in this scope
   96 |             [01;31m[Kads_manualmode[m[K = false;
      |             [01;31m[K^~~~~~~~~~~~~~[m[K
gmake[2]: *** [CMakeFiles/ads_node.dir/build.make:76: CMakeFiles/ads_node.dir/src/ads_node.cpp.o] Error 1
gmake[1]: *** [CMakeFiles/Makefile2:137: CMakeFiles/ads_node.dir/all] Error 2
gmake: *** [Makefile:146: all] Error 2
